2015-05-06 17:11:40,190 [localhost-startStop-1] ERROR StackTrace  - Full Stack Trace:
java.net.UnknownHostException: faizan.anfmsf: faizan.anfmsf: Name or service not known
	at java.net.InetAddress.getLocalHost(InetAddress.java:1473)
	at net.sf.ehcache.Cache.<clinit>(Cache.java:200)
	at net.sf.ehcache.config.ConfigurationHelper.createCache(ConfigurationHelper.java:302)
	at net.sf.ehcache.config.ConfigurationHelper.createDefaultCache(ConfigurationHelper.java:218)
	at net.sf.ehcache.CacheManager.configure(CacheManager.java:613)
	at net.sf.ehcache.CacheManager.init(CacheManager.java:356)
	at net.sf.ehcache.CacheManager.<init>(CacheManager.java:233)
	at org.hibernate.cache.ehcache.EhCacheRegionFactory.start(EhCacheRegionFactory.java:86)
	at org.hibernate.internal.CacheImpl.<init>(CacheImpl.java:70)
	at org.hibernate.engine.spi.CacheInitiator.initiateService(CacheInitiator.java:40)
	at org.hibernate.engine.spi.CacheInitiator.initiateService(CacheInitiator.java:35)
	at org.hibernate.service.internal.SessionFactoryServiceRegistryImpl.initiateService(SessionFactoryServiceRegistryImpl.java:91)
	at org.hibernate.service.internal.AbstractServiceRegistryImpl.createService(AbstractServiceRegistryImpl.java:251)
	at org.hibernate.service.internal.AbstractServiceRegistryImpl.initializeService(AbstractServiceRegistryImpl.java:225)
	at org.hibernate.service.internal.AbstractServiceRegistryImpl.getService(AbstractServiceRegistryImpl.java:206)
	at org.hibernate.internal.SessionFactoryImpl.<init>(SessionFactoryImpl.java:273)
	at org.hibernate.cfg.Configuration.buildSessionFactory(Configuration.java:1857)
	at org.codehaus.groovy.grails.orm.hibernate.cfg.GrailsAnnotationConfiguration.buildSessionFactory(GrailsAnnotationConfiguration.java:372)
	at org.codehaus.groovy.grails.orm.hibernate.ConfigurableLocalSessionFactoryBean.doBuildSessionFactory(ConfigurableLocalSessionFactoryBean.java:479)
	at org.codehaus.groovy.grails.orm.hibernate.ConfigurableLocalSessionFactoryBean.buildSessionFactory(ConfigurableLocalSessionFactoryBean.java:473)
	at org.codehaus.groovy.grails.orm.hibernate.ConfigurableLocalSessionFactoryBean.afterPropertiesSet(ConfigurableLocalSessionFactoryBean.java:387)
	at org.springframework.beans.factory.support.AbstractAutowireCapableBeanFactory.invokeInitMethods(AbstractAutowireCapableBeanFactory.java:1613)
	at org.springframework.beans.factory.support.AbstractAutowireCapableBeanFactory.initializeBean(AbstractAutowireCapableBeanFactory.java:1550)
	at org.springframework.beans.factory.support.AbstractAutowireCapableBeanFactory.doCreateBean(AbstractAutowireCapableBeanFactory.java:539)
	at org.springframework.beans.factory.support.AbstractAutowireCapableBeanFactory.createBean(AbstractAutowireCapableBeanFactory.java:475)
	at org.springframework.beans.factory.support.AbstractBeanFactory$1.getObject(AbstractBeanFactory.java:302)
	at org.springframework.beans.factory.support.DefaultSingletonBeanRegistry.getSingleton(DefaultSingletonBeanRegistry.java:228)
	at org.springframework.beans.factory.support.AbstractBeanFactory.doGetBean(AbstractBeanFactory.java:298)
	at org.springframework.beans.factory.support.AbstractBeanFactory.getBean(AbstractBeanFactory.java:193)
	at org.springframework.beans.factory.support.BeanDefinitionValueResolver.resolveReference(BeanDefinitionValueResolver.java:328)
	at org.springframework.beans.factory.support.BeanDefinitionValueResolver.resolveValueIfNecessary(BeanDefinitionValueResolver.java:108)
	at org.springframework.beans.factory.support.AbstractAutowireCapableBeanFactory.applyPropertyValues(AbstractAutowireCapableBeanFactory.java:1457)
	at org.springframework.beans.factory.support.AbstractAutowireCapableBeanFactory.populateBean(AbstractAutowireCapableBeanFactory.java:1198)
	at org.springframework.beans.factory.support.AbstractAutowireCapableBeanFactory.doCreateBean(AbstractAutowireCapableBeanFactory.java:537)
	at org.springframework.beans.factory.support.AbstractAutowireCapableBeanFactory.createBean(AbstractAutowireCapableBeanFactory.java:475)
	at org.springframework.beans.factory.support.AbstractBeanFactory$1.getObject(AbstractBeanFactory.java:302)
	at org.springframework.beans.factory.support.DefaultSingletonBeanRegistry.getSingleton(DefaultSingletonBeanRegistry.java:228)
	at org.springframework.beans.factory.support.AbstractBeanFactory.doGetBean(AbstractBeanFactory.java:298)
	at org.springframework.beans.factory.support.AbstractBeanFactory.getBean(AbstractBeanFactory.java:198)
	at org.codehaus.groovy.grails.orm.support.TransactionManagerPostProcessor.initialize(TransactionManagerPostProcessor.java:74)
	at org.codehaus.groovy.grails.orm.support.TransactionManagerPostProcessor.setBeanFactory(TransactionManagerPostProcessor.java:52)
	at org.springframework.beans.factory.support.AbstractAutowireCapableBeanFactory.invokeAwareMethods(AbstractAutowireCapableBeanFactory.java:1573)
	at org.springframework.beans.factory.support.AbstractAutowireCapableBeanFactory.initializeBean(AbstractAutowireCapableBeanFactory.java:1541)
	at org.springframework.beans.factory.support.AbstractAutowireCapableBeanFactory.doCreateBean(AbstractAutowireCapableBeanFactory.java:539)
	at org.springframework.beans.factory.support.AbstractAutowireCapableBeanFactory.createBean(AbstractAutowireCapableBeanFactory.java:475)
	at org.springframework.beans.factory.support.AbstractBeanFactory$1.getObject(AbstractBeanFactory.java:302)
	at org.springframework.beans.factory.support.DefaultSingletonBeanRegistry.getSingleton(DefaultSingletonBeanRegistry.java:228)
	at org.springframework.beans.factory.support.AbstractBeanFactory.doGetBean(AbstractBeanFactory.java:298)
	at org.springframework.beans.factory.support.AbstractBeanFactory.getBean(AbstractBeanFactory.java:198)
	at org.springframework.context.support.PostProcessorRegistrationDelegate.registerBeanPostProcessors(PostProcessorRegistrationDelegate.java:199)
	at org.springframework.context.support.AbstractApplicationContext.registerBeanPostProcessors(AbstractApplicationContext.java:620)
	at org.springframework.context.support.AbstractApplicationContext.refresh(AbstractApplicationContext.java:467)
	at org.codehaus.groovy.grails.commons.spring.DefaultRuntimeSpringConfiguration.getApplicationContext(DefaultRuntimeSpringConfiguration.java:156)
	at org.codehaus.groovy.grails.commons.spring.GrailsRuntimeConfigurator.initializeContext(GrailsRuntimeConfigurator.java:188)
	at org.codehaus.groovy.grails.commons.spring.GrailsRuntimeConfigurator.configure(GrailsRuntimeConfigurator.java:168)
	at org.codehaus.groovy.grails.commons.spring.GrailsRuntimeConfigurator.configure(GrailsRuntimeConfigurator.java:127)
	at org.codehaus.groovy.grails.web.context.GrailsConfigUtils.configureWebApplicationContext(GrailsConfigUtils.java:126)
	at org.codehaus.groovy.grails.web.context.GrailsContextLoaderListener.initWebApplicationContext(GrailsContextLoaderListener.java:109)
	at org.springframework.web.context.ContextLoaderListener.contextInitialized(ContextLoaderListener.java:106)
	at org.apache.catalina.core.StandardContext.listenerStart(StandardContext.java:4992)
	at org.apache.catalina.core.StandardContext.startInternal(StandardContext.java:5490)
	at org.apache.catalina.util.LifecycleBase.start(LifecycleBase.java:150)
	at org.apache.catalina.core.ContainerBase$StartChild.call(ContainerBase.java:1575)
	at org.apache.catalina.core.ContainerBase$StartChild.call(ContainerBase.java:1565)
	at java.util.concurrent.FutureTask.run(FutureTask.java:262)
	at java.util.concurrent.ThreadPoolExecutor.runWorker(ThreadPoolExecutor.java:1145)
	at java.util.concurrent.ThreadPoolExecutor$Worker.run(ThreadPoolExecutor.java:615)
	at java.lang.Thread.run(Thread.java:744)
Caused by: java.net.UnknownHostException: faizan.anfmsf: Name or service not known
	at java.net.Inet6AddressImpl.lookupAllHostAddr(Native Method)
	at java.net.InetAddress$1.lookupAllHostAddr(InetAddress.java:901)
	at java.net.InetAddress.getAddressesFromNameService(InetAddress.java:1293)
	at java.net.InetAddress.getLocalHost(InetAddress.java:1469)
	... 67 more
2015-05-06 17:11:40,196 [localhost-startStop-1] ERROR StackTrace  - Full Stack Trace:
java.net.UnknownHostException: faizan.anfmsf: Name or service not known
	at java.net.Inet6AddressImpl.lookupAllHostAddr(Native Method)
	at java.net.InetAddress$1.lookupAllHostAddr(InetAddress.java:901)
	at java.net.InetAddress.getAddressesFromNameService(InetAddress.java:1293)
	at java.net.InetAddress.getLocalHost(InetAddress.java:1469)
	at net.sf.ehcache.Cache.<clinit>(Cache.java:200)
	at net.sf.ehcache.config.ConfigurationHelper.createCache(ConfigurationHelper.java:302)
	at net.sf.ehcache.config.ConfigurationHelper.createDefaultCache(ConfigurationHelper.java:218)
	at net.sf.ehcache.CacheManager.configure(CacheManager.java:613)
	at net.sf.ehcache.CacheManager.init(CacheManager.java:356)
	at net.sf.ehcache.CacheManager.<init>(CacheManager.java:233)
	at org.hibernate.cache.ehcache.EhCacheRegionFactory.start(EhCacheRegionFactory.java:86)
	at org.hibernate.internal.CacheImpl.<init>(CacheImpl.java:70)
	at org.hibernate.engine.spi.CacheInitiator.initiateService(CacheInitiator.java:40)
	at org.hibernate.engine.spi.CacheInitiator.initiateService(CacheInitiator.java:35)
	at org.hibernate.service.internal.SessionFactoryServiceRegistryImpl.initiateService(SessionFactoryServiceRegistryImpl.java:91)
	at org.hibernate.service.internal.AbstractServiceRegistryImpl.createService(AbstractServiceRegistryImpl.java:251)
	at org.hibernate.service.internal.AbstractServiceRegistryImpl.initializeService(AbstractServiceRegistryImpl.java:225)
	at org.hibernate.service.internal.AbstractServiceRegistryImpl.getService(AbstractServiceRegistryImpl.java:206)
	at org.hibernate.internal.SessionFactoryImpl.<init>(SessionFactoryImpl.java:273)
	at org.hibernate.cfg.Configuration.buildSessionFactory(Configuration.java:1857)
	at org.codehaus.groovy.grails.orm.hibernate.cfg.GrailsAnnotationConfiguration.buildSessionFactory(GrailsAnnotationConfiguration.java:372)
	at org.codehaus.groovy.grails.orm.hibernate.ConfigurableLocalSessionFactoryBean.doBuildSessionFactory(ConfigurableLocalSessionFactoryBean.java:479)
	at org.codehaus.groovy.grails.orm.hibernate.ConfigurableLocalSessionFactoryBean.buildSessionFactory(ConfigurableLocalSessionFactoryBean.java:473)
	at org.codehaus.groovy.grails.orm.hibernate.ConfigurableLocalSessionFactoryBean.afterPropertiesSet(ConfigurableLocalSessionFactoryBean.java:387)
	at org.springframework.beans.factory.support.AbstractAutowireCapableBeanFactory.invokeInitMethods(AbstractAutowireCapableBeanFactory.java:1613)
	at org.springframework.beans.factory.support.AbstractAutowireCapableBeanFactory.initializeBean(AbstractAutowireCapableBeanFactory.java:1550)
	at org.springframework.beans.factory.support.AbstractAutowireCapableBeanFactory.doCreateBean(AbstractAutowireCapableBeanFactory.java:539)
	at org.springframework.beans.factory.support.AbstractAutowireCapableBeanFactory.createBean(AbstractAutowireCapableBeanFactory.java:475)
	at org.springframework.beans.factory.support.AbstractBeanFactory$1.getObject(AbstractBeanFactory.java:302)
	at org.springframework.beans.factory.support.DefaultSingletonBeanRegistry.getSingleton(DefaultSingletonBeanRegistry.java:228)
	at org.springframework.beans.factory.support.AbstractBeanFactory.doGetBean(AbstractBeanFactory.java:298)
	at org.springframework.beans.factory.support.AbstractBeanFactory.getBean(AbstractBeanFactory.java:193)
	at org.springframework.beans.factory.support.BeanDefinitionValueResolver.resolveReference(BeanDefinitionValueResolver.java:328)
	at org.springframework.beans.factory.support.BeanDefinitionValueResolver.resolveValueIfNecessary(BeanDefinitionValueResolver.java:108)
	at org.springframework.beans.factory.support.AbstractAutowireCapableBeanFactory.applyPropertyValues(AbstractAutowireCapableBeanFactory.java:1457)
	at org.springframework.beans.factory.support.AbstractAutowireCapableBeanFactory.populateBean(AbstractAutowireCapableBeanFactory.java:1198)
	at org.springframework.beans.factory.support.AbstractAutowireCapableBeanFactory.doCreateBean(AbstractAutowireCapableBeanFactory.java:537)
	at org.springframework.beans.factory.support.AbstractAutowireCapableBeanFactory.createBean(AbstractAutowireCapableBeanFactory.java:475)
	at org.springframework.beans.factory.support.AbstractBeanFactory$1.getObject(AbstractBeanFactory.java:302)
	at org.springframework.beans.factory.support.DefaultSingletonBeanRegistry.getSingleton(DefaultSingletonBeanRegistry.java:228)
	at org.springframework.beans.factory.support.AbstractBeanFactory.doGetBean(AbstractBeanFactory.java:298)
	at org.springframework.beans.factory.support.AbstractBeanFactory.getBean(AbstractBeanFactory.java:198)
	at org.codehaus.groovy.grails.orm.support.TransactionManagerPostProcessor.initialize(TransactionManagerPostProcessor.java:74)
	at org.codehaus.groovy.grails.orm.support.TransactionManagerPostProcessor.setBeanFactory(TransactionManagerPostProcessor.java:52)
	at org.springframework.beans.factory.support.AbstractAutowireCapableBeanFactory.invokeAwareMethods(AbstractAutowireCapableBeanFactory.java:1573)
	at org.springframework.beans.factory.support.AbstractAutowireCapableBeanFactory.initializeBean(AbstractAutowireCapableBeanFactory.java:1541)
	at org.springframework.beans.factory.support.AbstractAutowireCapableBeanFactory.doCreateBean(AbstractAutowireCapableBeanFactory.java:539)
	at org.springframework.beans.factory.support.AbstractAutowireCapableBeanFactory.createBean(AbstractAutowireCapableBeanFactory.java:475)
	at org.springframework.beans.factory.support.AbstractBeanFactory$1.getObject(AbstractBeanFactory.java:302)
	at org.springframework.beans.factory.support.DefaultSingletonBeanRegistry.getSingleton(DefaultSingletonBeanRegistry.java:228)
	at org.springframework.beans.factory.support.AbstractBeanFactory.doGetBean(AbstractBeanFactory.java:298)
	at org.springframework.beans.factory.support.AbstractBeanFactory.getBean(AbstractBeanFactory.java:198)
	at org.springframework.context.support.PostProcessorRegistrationDelegate.registerBeanPostProcessors(PostProcessorRegistrationDelegate.java:199)
	at org.springframework.context.support.AbstractApplicationContext.registerBeanPostProcessors(AbstractApplicationContext.java:620)
	at org.springframework.context.support.AbstractApplicationContext.refresh(AbstractApplicationContext.java:467)
	at org.codehaus.groovy.grails.commons.spring.DefaultRuntimeSpringConfiguration.getApplicationContext(DefaultRuntimeSpringConfiguration.java:156)
	at org.codehaus.groovy.grails.commons.spring.GrailsRuntimeConfigurator.initializeContext(GrailsRuntimeConfigurator.java:188)
	at org.codehaus.groovy.grails.commons.spring.GrailsRuntimeConfigurator.configure(GrailsRuntimeConfigurator.java:168)
	at org.codehaus.groovy.grails.commons.spring.GrailsRuntimeConfigurator.configure(GrailsRuntimeConfigurator.java:127)
	at org.codehaus.groovy.grails.web.context.GrailsConfigUtils.configureWebApplicationContext(GrailsConfigUtils.java:126)
	at org.codehaus.groovy.grails.web.context.GrailsContextLoaderListener.initWebApplicationContext(GrailsContextLoaderListener.java:109)
	at org.springframework.web.context.ContextLoaderListener.contextInitialized(ContextLoaderListener.java:106)
	at org.apache.catalina.core.StandardContext.listenerStart(StandardContext.java:4992)
	at org.apache.catalina.core.StandardContext.startInternal(StandardContext.java:5490)
	at org.apache.catalina.util.LifecycleBase.start(LifecycleBase.java:150)
	at org.apache.catalina.core.ContainerBase$StartChild.call(ContainerBase.java:1575)
	at org.apache.catalina.core.ContainerBase$StartChild.call(ContainerBase.java:1565)
	at java.util.concurrent.FutureTask.run(FutureTask.java:262)
	at java.util.concurrent.ThreadPoolExecutor.runWorker(ThreadPoolExecutor.java:1145)
	at java.util.concurrent.ThreadPoolExecutor$Worker.run(ThreadPoolExecutor.java:615)
	at java.lang.Thread.run(Thread.java:744)
2015-05-06 17:11:40,198 [localhost-startStop-1] ERROR StackTrace  - Full Stack Trace:
java.net.UnknownHostException: faizan.anfmsf: faizan.anfmsf: Name or service not known
	at java.net.InetAddress.getLocalHost(InetAddress.java:1473)
	at net.sf.ehcache.Cache.<clinit>(Cache.java:200)
	at net.sf.ehcache.config.ConfigurationHelper.createCache(ConfigurationHelper.java:302)
	at net.sf.ehcache.config.ConfigurationHelper.createDefaultCache(ConfigurationHelper.java:218)
	at net.sf.ehcache.CacheManager.configure(CacheManager.java:613)
	at net.sf.ehcache.CacheManager.init(CacheManager.java:356)
	at net.sf.ehcache.CacheManager.<init>(CacheManager.java:233)
	at java.util.concurrent.FutureTask.run(FutureTask.java:262)
	at java.util.concurrent.ThreadPoolExecutor.runWorker(ThreadPoolExecutor.java:1145)
	at java.util.concurrent.ThreadPoolExecutor$Worker.run(ThreadPoolExecutor.java:615)
	at java.lang.Thread.run(Thread.java:744)
Caused by: java.net.UnknownHostException: faizan.anfmsf: Name or service not known
	at java.net.InetAddress$1.lookupAllHostAddr(InetAddress.java:901)
	at java.net.InetAddress.getAddressesFromNameService(InetAddress.java:1293)
	at java.net.InetAddress.getLocalHost(InetAddress.java:1469)
	... 10 more
2015-05-06 17:11:40,199 [localhost-startStop-1] ERROR StackTrace  - Full Stack Trace:
java.net.UnknownHostException: faizan.anfmsf: faizan.anfmsf: Name or service not known
	at java.net.InetAddress.getLocalHost(InetAddress.java:1473)
	at net.sf.ehcache.Cache.<clinit>(Cache.java:200)
	at net.sf.ehcache.config.ConfigurationHelper.createCache(ConfigurationHelper.java:302)
	at net.sf.ehcache.config.ConfigurationHelper.createDefaultCache(ConfigurationHelper.java:218)
	at net.sf.ehcache.CacheManager.configure(CacheManager.java:613)
	at net.sf.ehcache.CacheManager.init(CacheManager.java:356)
	at net.sf.ehcache.CacheManager.<init>(CacheManager.java:233)
	at java.util.concurrent.FutureTask.run(FutureTask.java:262)
	at java.util.concurrent.ThreadPoolExecutor.runWorker(ThreadPoolExecutor.java:1145)
	at java.util.concurrent.ThreadPoolExecutor$Worker.run(ThreadPoolExecutor.java:615)
	at java.lang.Thread.run(Thread.java:744)
Caused by: java.net.UnknownHostException: faizan.anfmsf: Name or service not known
	at java.net.InetAddress$1.lookupAllHostAddr(InetAddress.java:901)
	at java.net.InetAddress.getAddressesFromNameService(InetAddress.java:1293)
	at java.net.InetAddress.getLocalHost(InetAddress.java:1469)
	... 10 more
2015-05-06 17:11:40,200 [localhost-startStop-1] ERROR StackTrace  - Full Stack Trace:
java.net.UnknownHostException: faizan.anfmsf: Name or service not known
	at java.net.InetAddress$1.lookupAllHostAddr(InetAddress.java:901)
	at java.net.InetAddress.getAddressesFromNameService(InetAddress.java:1293)
	at java.net.InetAddress.getLocalHost(InetAddress.java:1469)
	at net.sf.ehcache.Cache.<clinit>(Cache.java:200)
	at net.sf.ehcache.config.ConfigurationHelper.createCache(ConfigurationHelper.java:302)
	at net.sf.ehcache.config.ConfigurationHelper.createDefaultCache(ConfigurationHelper.java:218)
	at net.sf.ehcache.CacheManager.configure(CacheManager.java:613)
	at net.sf.ehcache.CacheManager.init(CacheManager.java:356)
	at net.sf.ehcache.CacheManager.<init>(CacheManager.java:233)
	at java.util.concurrent.FutureTask.run(FutureTask.java:262)
	at java.util.concurrent.ThreadPoolExecutor.runWorker(ThreadPoolExecutor.java:1145)
	at java.util.concurrent.ThreadPoolExecutor$Worker.run(ThreadPoolExecutor.java:615)
	at java.lang.Thread.run(Thread.java:744)
2015-05-06 17:11:40,200 [localhost-startStop-1] ERROR StackTrace  - Full Stack Trace:
java.net.UnknownHostException: faizan.anfmsf: faizan.anfmsf: Name or service not known
	at java.net.InetAddress.getLocalHost(InetAddress.java:1473)
	at net.sf.ehcache.Cache.<clinit>(Cache.java:200)
	at net.sf.ehcache.config.ConfigurationHelper.createCache(ConfigurationHelper.java:302)
	at net.sf.ehcache.config.ConfigurationHelper.createDefaultCache(ConfigurationHelper.java:218)
	at net.sf.ehcache.CacheManager.configure(CacheManager.java:613)
	at net.sf.ehcache.CacheManager.init(CacheManager.java:356)
	at net.sf.ehcache.CacheManager.<init>(CacheManager.java:233)
	at java.util.concurrent.FutureTask.run(FutureTask.java:262)
	at java.util.concurrent.ThreadPoolExecutor.runWorker(ThreadPoolExecutor.java:1145)
	at java.util.concurrent.ThreadPoolExecutor$Worker.run(ThreadPoolExecutor.java:615)
	at java.lang.Thread.run(Thread.java:744)
Caused by: java.net.UnknownHostException: faizan.anfmsf: Name or service not known
	at java.net.InetAddress$1.lookupAllHostAddr(InetAddress.java:901)
	at java.net.InetAddress.getAddressesFromNameService(InetAddress.java:1293)
	at java.net.InetAddress.getLocalHost(InetAddress.java:1469)
	... 10 more
2015-05-06 17:11:57,510 [localhost-startStop-1] ERROR StackTrace  - Full Stack Trace:
org.h2.message.DbException: IO Exception: "java.net.UnknownHostException: faizan.anfmsf: faizan.anfmsf: Name or service not known" [90028-176]
	at org.h2.message.DbException.get(DbException.java:167)
	at org.h2.message.DbException.convert(DbException.java:286)
	at org.h2.util.NetUtils.getLocalAddress(NetUtils.java:269)
	at org.h2.server.web.WebServer.updateURL(WebServer.java:345)
	at org.h2.server.web.WebServer.init(WebServer.java:334)
	at org.h2.server.web.WebServlet.init(WebServlet.java:54)
	at javax.servlet.GenericServlet.init(GenericServlet.java:158)
	at org.apache.catalina.core.StandardWrapper.initServlet(StandardWrapper.java:1284)
	at org.apache.catalina.core.StandardWrapper.loadServlet(StandardWrapper.java:1197)
	at org.apache.catalina.core.StandardWrapper.load(StandardWrapper.java:1087)
	at org.apache.catalina.core.StandardContext.loadOnStartup(StandardContext.java:5229)
	at org.apache.catalina.core.StandardContext.startInternal(StandardContext.java:5516)
	at org.apache.catalina.util.LifecycleBase.start(LifecycleBase.java:150)
	at org.apache.catalina.core.ContainerBase$StartChild.call(ContainerBase.java:1575)
	at org.apache.catalina.core.ContainerBase$StartChild.call(ContainerBase.java:1565)
	at java.util.concurrent.FutureTask.run(FutureTask.java:262)
	at java.util.concurrent.ThreadPoolExecutor.runWorker(ThreadPoolExecutor.java:1145)
	at java.util.concurrent.ThreadPoolExecutor$Worker.run(ThreadPoolExecutor.java:615)
	at java.lang.Thread.run(Thread.java:744)
Caused by: org.h2.jdbc.JdbcSQLException: IO Exception: "java.net.UnknownHostException: faizan.anfmsf: faizan.anfmsf: Name or service not known" [90028-176]
	at org.h2.message.DbException.getJdbcSQLException(DbException.java:344)
	... 19 more
Caused by: java.net.UnknownHostException: faizan.anfmsf: faizan.anfmsf: Name or service not known
	at java.net.InetAddress.getLocalHost(InetAddress.java:1473)
	at org.h2.util.NetUtils.getLocalAddress(NetUtils.java:267)
	... 16 more
Caused by: java.net.UnknownHostException: faizan.anfmsf: Name or service not known
	at java.net.Inet6AddressImpl.lookupAllHostAddr(Native Method)
	at java.net.InetAddress$1.lookupAllHostAddr(InetAddress.java:901)
	at java.net.InetAddress.getAddressesFromNameService(InetAddress.java:1293)
	at java.net.InetAddress.getLocalHost(InetAddress.java:1469)
	... 17 more
2015-05-06 17:11:57,511 [localhost-startStop-1] ERROR StackTrace  - Full Stack Trace:
org.h2.jdbc.JdbcSQLException: IO Exception: "java.net.UnknownHostException: faizan.anfmsf: faizan.anfmsf: Name or service not known" [90028-176]
	at org.h2.message.DbException.getJdbcSQLException(DbException.java:344)
	at org.h2.message.DbException.get(DbException.java:167)
	at org.h2.message.DbException.convert(DbException.java:286)
	at org.h2.util.NetUtils.getLocalAddress(NetUtils.java:269)
	at org.h2.server.web.WebServer.updateURL(WebServer.java:345)
	at org.h2.server.web.WebServer.init(WebServer.java:334)
	at org.h2.server.web.WebServlet.init(WebServlet.java:54)
	at javax.servlet.GenericServlet.init(GenericServlet.java:158)
	at org.apache.catalina.core.StandardWrapper.initServlet(StandardWrapper.java:1284)
	at org.apache.catalina.core.StandardWrapper.loadServlet(StandardWrapper.java:1197)
	at org.apache.catalina.core.StandardWrapper.load(StandardWrapper.java:1087)
	at org.apache.catalina.core.StandardContext.loadOnStartup(StandardContext.java:5229)
	at org.apache.catalina.core.StandardContext.startInternal(StandardContext.java:5516)
	at org.apache.catalina.util.LifecycleBase.start(LifecycleBase.java:150)
	at org.apache.catalina.core.ContainerBase$StartChild.call(ContainerBase.java:1575)
	at org.apache.catalina.core.ContainerBase$StartChild.call(ContainerBase.java:1565)
	at java.util.concurrent.FutureTask.run(FutureTask.java:262)
	at java.util.concurrent.ThreadPoolExecutor.runWorker(ThreadPoolExecutor.java:1145)
	at java.util.concurrent.ThreadPoolExecutor$Worker.run(ThreadPoolExecutor.java:615)
	at java.lang.Thread.run(Thread.java:744)
Caused by: java.net.UnknownHostException: faizan.anfmsf: faizan.anfmsf: Name or service not known
	at java.net.InetAddress.getLocalHost(InetAddress.java:1473)
	at org.h2.util.NetUtils.getLocalAddress(NetUtils.java:267)
	... 16 more
Caused by: java.net.UnknownHostException: faizan.anfmsf: Name or service not known
	at java.net.Inet6AddressImpl.lookupAllHostAddr(Native Method)
	at java.net.InetAddress$1.lookupAllHostAddr(InetAddress.java:901)
	at java.net.InetAddress.getAddressesFromNameService(InetAddress.java:1293)
	at java.net.InetAddress.getLocalHost(InetAddress.java:1469)
	... 17 more
2015-05-06 17:11:57,512 [localhost-startStop-1] ERROR StackTrace  - Full Stack Trace:
java.net.UnknownHostException: faizan.anfmsf: faizan.anfmsf: Name or service not known
	at java.net.InetAddress.getLocalHost(InetAddress.java:1473)
	at org.h2.util.NetUtils.getLocalAddress(NetUtils.java:267)
	at org.h2.server.web.WebServer.updateURL(WebServer.java:345)
	at org.h2.server.web.WebServer.init(WebServer.java:334)
	at org.h2.server.web.WebServlet.init(WebServlet.java:54)
	at javax.servlet.GenericServlet.init(GenericServlet.java:158)
	at org.apache.catalina.core.StandardWrapper.initServlet(StandardWrapper.java:1284)
	at org.apache.catalina.core.StandardWrapper.loadServlet(StandardWrapper.java:1197)
	at org.apache.catalina.core.StandardWrapper.load(StandardWrapper.java:1087)
	at org.apache.catalina.core.StandardContext.loadOnStartup(StandardContext.java:5229)
	at org.apache.catalina.core.StandardContext.startInternal(StandardContext.java:5516)
	at org.apache.catalina.util.LifecycleBase.start(LifecycleBase.java:150)
	at org.apache.catalina.core.ContainerBase$StartChild.call(ContainerBase.java:1575)
	at org.apache.catalina.core.ContainerBase$StartChild.call(ContainerBase.java:1565)
	at java.util.concurrent.FutureTask.run(FutureTask.java:262)
	at java.util.concurrent.ThreadPoolExecutor.runWorker(ThreadPoolExecutor.java:1145)
	at java.util.concurrent.ThreadPoolExecutor$Worker.run(ThreadPoolExecutor.java:615)
	at java.lang.Thread.run(Thread.java:744)
Caused by: java.net.UnknownHostException: faizan.anfmsf: Name or service not known
	at java.net.Inet6AddressImpl.lookupAllHostAddr(Native Method)
	at java.net.InetAddress$1.lookupAllHostAddr(InetAddress.java:901)
	at java.net.InetAddress.getAddressesFromNameService(InetAddress.java:1293)
	at java.net.InetAddress.getLocalHost(InetAddress.java:1469)
	... 17 more
2015-05-06 17:11:57,512 [localhost-startStop-1] ERROR StackTrace  - Full Stack Trace:
java.net.UnknownHostException: faizan.anfmsf: Name or service not known
	at java.net.Inet6AddressImpl.lookupAllHostAddr(Native Method)
	at java.net.InetAddress$1.lookupAllHostAddr(InetAddress.java:901)
	at java.net.InetAddress.getAddressesFromNameService(InetAddress.java:1293)
	at java.net.InetAddress.getLocalHost(InetAddress.java:1469)
	at org.h2.util.NetUtils.getLocalAddress(NetUtils.java:267)
	at org.h2.server.web.WebServer.updateURL(WebServer.java:345)
	at org.h2.server.web.WebServer.init(WebServer.java:334)
	at org.h2.server.web.WebServlet.init(WebServlet.java:54)
	at javax.servlet.GenericServlet.init(GenericServlet.java:158)
	at org.apache.catalina.core.StandardWrapper.initServlet(StandardWrapper.java:1284)
	at org.apache.catalina.core.StandardWrapper.loadServlet(StandardWrapper.java:1197)
	at org.apache.catalina.core.StandardWrapper.load(StandardWrapper.java:1087)
	at org.apache.catalina.core.StandardContext.loadOnStartup(StandardContext.java:5229)
	at org.apache.catalina.core.StandardContext.startInternal(StandardContext.java:5516)
	at org.apache.catalina.util.LifecycleBase.start(LifecycleBase.java:150)
	at org.apache.catalina.core.ContainerBase$StartChild.call(ContainerBase.java:1575)
	at org.apache.catalina.core.ContainerBase$StartChild.call(ContainerBase.java:1565)
	at java.util.concurrent.FutureTask.run(FutureTask.java:262)
	at java.util.concurrent.ThreadPoolExecutor.runWorker(ThreadPoolExecutor.java:1145)
	at java.util.concurrent.ThreadPoolExecutor$Worker.run(ThreadPoolExecutor.java:615)
	at java.lang.Thread.run(Thread.java:744)
2015-05-06 17:11:57,513 [localhost-startStop-1] ERROR StackTrace  - Full Stack Trace:
org.h2.message.DbException: IO Exception: "java.net.UnknownHostException: faizan.anfmsf: faizan.anfmsf: Name or service not known" [90028-176]
	at org.h2.message.DbException.get(DbException.java:167)
	at org.h2.message.DbException.convert(DbException.java:286)
	at org.h2.util.NetUtils.getLocalAddress(NetUtils.java:269)
	at org.h2.server.web.WebServer.updateURL(WebServer.java:345)
	at org.h2.server.web.WebServer.init(WebServer.java:334)
	at org.h2.server.web.WebServlet.init(WebServlet.java:54)
	at java.util.concurrent.FutureTask.run(FutureTask.java:262)
	at java.util.concurrent.ThreadPoolExecutor.runWorker(ThreadPoolExecutor.java:1145)
	at java.util.concurrent.ThreadPoolExecutor$Worker.run(ThreadPoolExecutor.java:615)
	at java.lang.Thread.run(Thread.java:744)
Caused by: org.h2.jdbc.JdbcSQLException: IO Exception: "java.net.UnknownHostException: faizan.anfmsf: faizan.anfmsf: Name or service not known" [90028-176]
	at org.h2.message.DbException.getJdbcSQLException(DbException.java:344)
	... 10 more
Caused by: java.net.UnknownHostException: faizan.anfmsf: faizan.anfmsf: Name or service not known
	at java.net.InetAddress.getLocalHost(InetAddress.java:1473)
	at org.h2.util.NetUtils.getLocalAddress(NetUtils.java:267)
	... 7 more
Caused by: java.net.UnknownHostException: faizan.anfmsf: Name or service not known
	at java.net.InetAddress$1.lookupAllHostAddr(InetAddress.java:901)
	at java.net.InetAddress.getAddressesFromNameService(InetAddress.java:1293)
	at java.net.InetAddress.getLocalHost(InetAddress.java:1469)
	... 8 more
2015-05-06 17:11:57,532 [localhost-startStop-1] ERROR StackTrace  - Full Stack Trace:
java.net.UnknownHostException: faizan.anfmsf: Name or service not known
	at java.net.InetAddress$1.lookupAllHostAddr(InetAddress.java:901)
	at java.net.InetAddress.getAddressesFromNameService(InetAddress.java:1293)
	at java.net.InetAddress.getLocalHost(InetAddress.java:1469)
	at org.h2.util.NetUtils.getLocalAddress(NetUtils.java:267)
	at org.h2.server.web.WebServer.updateURL(WebServer.java:345)
	at org.h2.server.web.WebServer.init(WebServer.java:334)
	at org.h2.server.web.WebServlet.init(WebServlet.java:54)
	at java.util.concurrent.FutureTask.run(FutureTask.java:262)
	at java.util.concurrent.ThreadPoolExecutor.runWorker(ThreadPoolExecutor.java:1145)
	at java.util.concurrent.ThreadPoolExecutor$Worker.run(ThreadPoolExecutor.java:615)
	at java.lang.Thread.run(Thread.java:744)
2015-05-06 17:11:57,532 [localhost-startStop-1] ERROR StackTrace  - Full Stack Trace:
java.net.UnknownHostException: faizan.anfmsf: Name or service not known
	at java.net.InetAddress$1.lookupAllHostAddr(InetAddress.java:901)
	at java.net.InetAddress.getAddressesFromNameService(InetAddress.java:1293)
	at java.net.InetAddress.getLocalHost(InetAddress.java:1469)
	at org.h2.util.NetUtils.getLocalAddress(NetUtils.java:267)
	at org.h2.server.web.WebServer.updateURL(WebServer.java:345)
	at org.h2.server.web.WebServer.init(WebServer.java:334)
	at org.h2.server.web.WebServlet.init(WebServlet.java:54)
	at java.util.concurrent.FutureTask.run(FutureTask.java:262)
	at java.util.concurrent.ThreadPoolExecutor.runWorker(ThreadPoolExecutor.java:1145)
	at java.util.concurrent.ThreadPoolExecutor$Worker.run(ThreadPoolExecutor.java:615)
	at java.lang.Thread.run(Thread.java:744)
